0 info it worked if it ends with ok
1 verbose cli [
1 verbose cli   'C:\\Program Files\\nodejs\\node.exe',
1 verbose cli   'C:\\Users\\Vijay\\AppData\\Roaming\\npm\\node_modules\\npm\\bin\\npm-cli.js',
1 verbose cli   'install',
1 verbose cli   '--no-audit',
1 verbose cli   '--save',
1 verbose cli   '--save-exact',
1 verbose cli   '--loglevel',
1 verbose cli   'error',
1 verbose cli   'react',
1 verbose cli   'react-dom',
1 verbose cli   'react-scripts@0.9.x'
1 verbose cli ]
2 info using npm@4.0.0
3 info using node@v20.17.0
4 silly loadCurrentTree Starting
5 silly install loadCurrentTree
6 silly install readLocalPackageData
7 verbose stack TypeError: cb.apply is not a function
7 verbose stack     at C:\Users\Vijay\AppData\Roaming\npm\node_modules\npm\node_modules\graceful-fs\polyfills.js:267:18
7 verbose stack     at FSReqCallback.oncomplete (node:fs:198:5)
8 verbose cwd C:\Users\Vijay\Desktop\my-app
9 error Windows_NT 10.0.22631
10 error argv "C:\\Program Files\\nodejs\\node.exe" "C:\\Users\\Vijay\\AppData\\Roaming\\npm\\node_modules\\npm\\bin\\npm-cli.js" "install" "--no-audit" "--save" "--save-exact" "--loglevel" "error" "react" "react-dom" "react-scripts@0.9.x"
11 error node v20.17.0
12 error npm  v4.0.0
13 error cb.apply is not a function
14 error If you need help, you may report this error at:
14 error     <https://github.com/npm/npm/issues>
15 verbose exit [ 1, true ]
